{
  "id": 5306867,
  "name": "boost.log",
  "full_name": "arcanis/boost.log",
  "owner": {
    "login": "arcanis",
    "id": 1037931,
    "avatar_url": "https://avatars.githubusercontent.com/u/1037931?",
    "gravatar_id": "f7198d527b29cd2b6211826c03dfeaea",
    "url": "https://api.github.com/users/arcanis",
    "html_url": "https://github.com/arcanis",
    "followers_url": "https://api.github.com/users/arcanis/followers",
    "following_url": "https://api.github.com/users/arcanis/following{/other_user}",
    "gists_url": "https://api.github.com/users/arcanis/gists{/gist_id}",
    "starred_url": "https://api.github.com/users/arcanis/starred{/owner}{/repo}",
    "subscriptions_url": "https://api.github.com/users/arcanis/subscriptions",
    "organizations_url": "https://api.github.com/users/arcanis/orgs",
    "repos_url": "https://api.github.com/users/arcanis/repos",
    "events_url": "https://api.github.com/users/arcanis/events{/privacy}",
    "received_events_url": "https://api.github.com/users/arcanis/received_events",
    "type": "User",
    "site_admin": false
  },
  "private": false,
  "html_url": "https://github.com/arcanis/boost.log",
  "description": "",
  "fork": false,
  "url": "https://api.github.com/repos/arcanis/boost.log",
  "forks_url": "https://api.github.com/repos/arcanis/boost.log/forks",
  "keys_url": "https://api.github.com/repos/arcanis/boost.log/keys{/key_id}",
  "collaborators_url": "https://api.github.com/repos/arcanis/boost.log/collaborators{/collaborator}",
  "teams_url": "https://api.github.com/repos/arcanis/boost.log/teams",
  "hooks_url": "https://api.github.com/repos/arcanis/boost.log/hooks",
  "issue_events_url": "https://api.github.com/repos/arcanis/boost.log/issues/events{/number}",
  "events_url": "https://api.github.com/repos/arcanis/boost.log/events",
  "assignees_url": "https://api.github.com/repos/arcanis/boost.log/assignees{/user}",
  "branches_url": "https://api.github.com/repos/arcanis/boost.log/branches{/branch}",
  "tags_url": "https://api.github.com/repos/arcanis/boost.log/tags",
  "blobs_url": "https://api.github.com/repos/arcanis/boost.log/git/blobs{/sha}",
  "git_tags_url": "https://api.github.com/repos/arcanis/boost.log/git/tags{/sha}",
  "git_refs_url": "https://api.github.com/repos/arcanis/boost.log/git/refs{/sha}",
  "trees_url": "https://api.github.com/repos/arcanis/boost.log/git/trees{/sha}",
  "statuses_url": "https://api.github.com/repos/arcanis/boost.log/statuses/{sha}",
  "languages_url": "https://api.github.com/repos/arcanis/boost.log/languages",
  "stargazers_url": "https://api.github.com/repos/arcanis/boost.log/stargazers",
  "contributors_url": "https://api.github.com/repos/arcanis/boost.log/contributors",
  "subscribers_url": "https://api.github.com/repos/arcanis/boost.log/subscribers",
  "subscription_url": "https://api.github.com/repos/arcanis/boost.log/subscription",
  "commits_url": "https://api.github.com/repos/arcanis/boost.log/commits{/sha}",
  "git_commits_url": "https://api.github.com/repos/arcanis/boost.log/git/commits{/sha}",
  "comments_url": "https://api.github.com/repos/arcanis/boost.log/comments{/number}",
  "issue_comment_url": "https://api.github.com/repos/arcanis/boost.log/issues/comments/{number}",
  "contents_url": "https://api.github.com/repos/arcanis/boost.log/contents/{+path}",
  "compare_url": "https://api.github.com/repos/arcanis/boost.log/compare/{base}...{head}",
  "merges_url": "https://api.github.com/repos/arcanis/boost.log/merges",
  "archive_url": "https://api.github.com/repos/arcanis/boost.log/{archive_format}{/ref}",
  "downloads_url": "https://api.github.com/repos/arcanis/boost.log/downloads",
  "issues_url": "https://api.github.com/repos/arcanis/boost.log/issues{/number}",
  "pulls_url": "https://api.github.com/repos/arcanis/boost.log/pulls{/number}",
  "milestones_url": "https://api.github.com/repos/arcanis/boost.log/milestones{/number}",
  "notifications_url": "https://api.github.com/repos/arcanis/boost.log/notifications{?since,all,participating}",
  "labels_url": "https://api.github.com/repos/arcanis/boost.log/labels{/name}",
  "releases_url": "https://api.github.com/repos/arcanis/boost.log/releases{/id}",
  "created_at": "2012-08-05T20:49:03Z",
  "updated_at": "2013-10-06T03:16:24Z",
  "pushed_at": "2012-08-05T21:29:19Z",
  "git_url": "git://github.com/arcanis/boost.log.git",
  "ssh_url": "git@github.com:arcanis/boost.log.git",
  "clone_url": "https://github.com/arcanis/boost.log.git",
  "svn_url": "https://github.com/arcanis/boost.log",
  "homepage": null,
  "size": 102,
  "stargazers_count": 5,
  "watchers_count": 5,
  "language": "C++",
  "has_issues": true,
  "has_downloads": true,
  "has_wiki": true,
  "forks_count": 0,
  "mirror_url": null,
  "open_issues_count": 0,
  "forks": 0,
  "open_issues": 0,
  "watchers": 5,
  "default_branch": "master",
  "network_count": 0,
  "subscribers_count": 1
}
